<?xml version="1.0" encoding="UTF-8"?>
<!-- Generated by org.testng.reporters.JUnitReportReporter -->
<testsuite hostname="LAPTOP-UKNCRNI9" failures="0" tests="1" name="selenium_tests.TC_Login" time="4.857" errors="0" timestamp="2024-03-14T11:10:22 IST" skipped="0">
  <testcase classname="selenium_tests.TC_Login" name="login_Test" time="4.857"/>
</testsuite> <!-- selenium_tests.TC_Login -->
